20160602152221  http://?
20160602152229  http://?
20160602152231  http://?
20160602152334  http://?
20160602152429  http://?
20160602152432  http://?
20160602152436  http://?
20160602152612  http://?
20160602152616  http://?
20160602152728  http://?
20160602153103  http://?
20160602153331  http://?
20160602153338  http://?
20160602153343  http://?
20160602153418  http://?
20160602153424  http://?
20160602153427  http://?
20160602153445  http://?
20160602153450  http://?
20160602154336  http://?
20160602154356  http://?
20160602154444  http://?
20160602154453  http://?
20160602154523  http://?
20160602154641  http://?
20160602154648  http://?
20160602154729  http://?
20160602155600  http://?
20160602155607  http://?
20160602155618  http://?
20160602155628  http://?
20160602155830  http://?
20160602155917  http://?
20160602155929  http://?
20160602160845  http://?
20160602160859  http://?
20160602161502  http://?
20160602161527  http://?
20160602161542  http://?
20160602161558  http://?
20160602161747  http://?
20160602162035  http://?
20160602162127  http://?
20160602162221  http://?
20160602162238  http://?
20160602162341  http://?
20160602163215  http://?
20160602163634  http://?
20160602163653  http://?
20160602163752  http://?
20160602165344  http://?
20160602165448  http://?
20160602165934  http://?
20160602170003  http://?
20160602170159  http://?
20160602170201  http://?
20160602170231  http://?
20160602170258  http://?
20160602170337  http://?
20160602170401  http://?
20160602171039  http://?
20160602171156  http://?
20160602171223  http://?
20160602171332  http://?
20160602171415  http://?
20160602171506  http://?
20160602171520  http://?
20160602171939  http://?
20160602171958  http://?
20160602172019  http://?
20160602172318  http://?
20160602173028  http://?
20160602173343  http://?
20160602173553  http://?
20160602173720  http://?
20160602173901  http://?
20160602174055  http://?
20160602174331  http://?
20160602174905  http://?
20160602175554  http://?
20160602175606  http://?
20160602175631  http://?
20160602175715  http://?
20160602175729  http://?
20160602175749  http://?
20160602180328  http://?
20160602180430  http://?
20160602180528  http://?
